<?xml version="1.0" encoding="UTF-8"?>
<!-- Generated by org.testng.reporters.JUnitReportReporter -->
<testsuite skipped="0" hostname="RITESH-PC" name="commandPrompt" tests="1" failures="0" timestamp="2020-03-16T22:39:20 IST" time="0.027" errors="0">
  <testcase name="display" time="0.027" classname="commandPrompt"/>
</testsuite> <!-- commandPrompt -->
